<?xml version="1.0" encoding="UTF-8"?>
<!-- Generated by org.testng.reporters.JUnitXMLReporter -->
<testsuite ignored="0" hostname="DESKTOP-1THIMUH" failures="0" tests="8" name="Test" time="0.132" errors="0" timestamp="2022-04-24T22:56:06 IST">
  <testcase classname="sampleTest.Testcases001" name="Testcase_001" time="0.012"/>
  <testcase classname="sampleTest.Testcases001" name="Testcase_002" time="0.002"/>
  <testcase classname="sampleTest.Testcases001" name="Testcase_003" time="0.005"/>
  <testcase classname="sampleTest.Testcases001" name="Testcase_004" time="0.003"/>
  <testcase classname="sampleTest.Testcases002" name="Testcase_00" time="0.008"/>
  <testcase classname="sampleTest.Testcases002" name="Testcase_005" time="0.002"/>
  <testcase classname="sampleTest.Testcases002" name="Testcase_006" time="0.002"/>
  <testcase classname="sampleTest.Testcases002" name="Testcase_007" time="0.006"/>
</testsuite> <!-- Test -->
